Using pre-set license
Built from 'master' branch; Version is '2020.3.36f1 (71f96b79b9f0) revision 7469419'; Using compiler version '192528614'; Build Type 'Release'
OS: 'Windows 11  (10.0.22631) 64bit Core' Language: 'ko' Physical Memory: 32610 MB
BatchMode: 1, IsHumanControllingUs: 0, StartBugReporterOnCrash: 0, Is64bit: 1, IsPro: 0

COMMAND LINE ARGUMENTS:
C:\Program Files\Unity\Hub\Editor\2020.3.36f1\Editor\Unity.exe
-adb2
-batchMode
-noUpm
-name
AssetImportWorker0
-projectPath
E:/2D/ladybug/BounceWithLadybug
-logFile
Logs/AssetImportWorker0.log
-srvPort
52059
Successfully changed project path to: E:/2D/ladybug/BounceWithLadybug
E:/2D/ladybug/BounceWithLadybug
Using Asset Import Pipeline V2.
Refreshing native plugins compatible for Editor in 28.86 ms, found 3 plugins.
Preloading 0 native plugins for Editor in 0.00 ms.
Initialize engine version: 2020.3.36f1 (71f96b79b9f0)
[Subsystems] Discovering subsystems at path C:/Program Files/Unity/Hub/Editor/2020.3.36f1/Editor/Data/Resources/UnitySubsystems
[Subsystems] Discovering subsystems at path E:/2D/ladybug/BounceWithLadybug/Assets
GfxDevice: creating device client; threaded=0
Direct3D:
    Version:  Direct3D 11.0 [level 11.1]
    Renderer: NVIDIA GeForce RTX 3060 (ID=0x2504)
    Vendor:   
    VRAM:     12129 MB
    Driver:   31.0.15.3623
Initialize mono
Mono path[0] = 'C:/Program Files/Unity/Hub/Editor/2020.3.36f1/Editor/Data/Managed'
Mono path[1] = 'C:/Program Files/Unity/Hub/Editor/2020.3.36f1/Editor/Data/MonoBleedingEdge/lib/mono/unityjit'
Mono config path = 'C:/Program Files/Unity/Hub/Editor/2020.3.36f1/Editor/Data/MonoBleedingEdge/etc'
Using monoOptions --debugger-agent=transport=dt_socket,embedding=1,server=y,suspend=n,address=127.0.0.1:56644
Begin MonoManager ReloadAssembly
Registering precompiled unity dll's ...
Register platform support module: C:/Program Files/Unity/Hub/Editor/2020.3.36f1/Editor/Data/PlaybackEngines/WindowsStandaloneSupport/UnityEditor.WindowsStandalone.Extensions.dll
Registered in 0.001793 seconds.
Native extension for WindowsStandalone target not found
Refreshing native plugins compatible for Editor in 28.65 ms, found 3 plugins.
Preloading 0 native plugins for Editor in 0.00 ms.
Mono: successfully reloaded assembly
- Completed reload, in  0.379 seconds
Domain Reload Profiling:
	ReloadAssembly (379ms)
		BeginReloadAssembly (50ms)
			ExecutionOrderSort (0ms)
			DisableScriptedObjects (0ms)
			BackupInstance (0ms)
			ReleaseScriptingObjects (0ms)
			CreateAndSetChildDomain (1ms)
		EndReloadAssembly (281ms)
			LoadAssemblies (48ms)
			RebuildTransferFunctionScriptingTraits (0ms)
			SetupTypeCache (90ms)
			ReleaseScriptCaches (0ms)
			RebuildScriptCaches (18ms)
			SetupLoadedEditorAssemblies (105ms)
				LogAssemblyErrors (0ms)
				InitializePlatformSupportModulesInManaged (3ms)
				SetLoadedEditorAssemblies (0ms)
				RefreshPlugins (29ms)
				BeforeProcessingInitializeOnLoad (9ms)
				ProcessInitializeOnLoadAttributes (48ms)
				ProcessInitializeOnLoadMethodAttributes (17ms)
				AfterProcessingInitializeOnLoad (0ms)
				EditorAssembliesLoaded (0ms)
			ExecutionOrderSort2 (0ms)
			AwakeInstancesAfterBackupRestoration (0ms)
Platform modules already initialized, skipping
Registering precompiled user dll's ...
Registered in 0.001966 seconds.
Begin MonoManager ReloadAssembly
Native extension for WindowsStandalone target not found
Refreshing native plugins compatible for Editor in 27.19 ms, found 3 plugins.
Preloading 0 native plugins for Editor in 0.00 ms.
Mono: successfully reloaded assembly
- Completed reload, in  0.702 seconds
Domain Reload Profiling:
	ReloadAssembly (703ms)
		BeginReloadAssembly (107ms)
			ExecutionOrderSort (0ms)
			DisableScriptedObjects (2ms)
			BackupInstance (0ms)
			ReleaseScriptingObjects (0ms)
			CreateAndSetChildDomain (11ms)
		EndReloadAssembly (555ms)
			LoadAssemblies (85ms)
			RebuildTransferFunctionScriptingTraits (0ms)
			SetupTypeCache (176ms)
			ReleaseScriptCaches (0ms)
			RebuildScriptCaches (28ms)
			SetupLoadedEditorAssemblies (219ms)
				LogAssemblyErrors (0ms)
				InitializePlatformSupportModulesInManaged (3ms)
				SetLoadedEditorAssemblies (0ms)
				RefreshPlugins (27ms)
				BeforeProcessingInitializeOnLoad (50ms)
				ProcessInitializeOnLoadAttributes (119ms)
				ProcessInitializeOnLoadMethodAttributes (14ms)
				AfterProcessingInitializeOnLoad (6ms)
				EditorAssembliesLoaded (0ms)
			ExecutionOrderSort2 (0ms)
			AwakeInstancesAfterBackupRestoration (1ms)
Platform modules already initialized, skipping
========================================================================
Worker process is ready to serve import requests
Launched and connected shader compiler UnityShaderCompiler.exe after 0.05 seconds
Refreshing native plugins compatible for Editor in 0.29 ms, found 3 plugins.
Preloading 0 native plugins for Editor in 0.00 ms.
Unloading 2213 Unused Serialized files (Serialized files now loaded: 0)
System memory in use before: 100.0 MB.
System memory in use after: 99.9 MB.

Unloading 31 unused Assets to reduce memory usage. Loaded Objects now: 2645.
Total: 2.062600 ms (FindLiveObjects: 0.086200 ms CreateObjectMapping: 0.031900 ms MarkObjects: 1.845300 ms  DeleteObjects: 0.098300 ms)

AssetImportParameters requested are different than current active one (requested -> active):
  custom:framework-win-MediaFoundation: 216162199b28c13a410421893ffa2e32 -> 
  custom:video-decoder-ogg-theora: a1e56fd34408186e4bbccfd4996cb3dc -> 
  custom:container-muxer-webm: aa71ff27fc2769a1b78a27578f13a17b -> 
  custom:container-demuxer-webm: 4f35f7cbe854078d1ac9338744f61a02 -> 
  custom:container-demuxer-ogg: 62fdf1f143b41e24485cea50d1cbac27 -> 
  custom:video-encoder-webm-vp8: eb34c28f22e8b96e1ab97ce403110664 -> 
  custom:video-decoder-webm-vp8: 9c59270c3fd7afecdb556c50c9e8de78 -> 
  custom:audio-decoder-ogg-vorbis: bf7c407c2cedff20999df2af8eb42d56 -> 
  custom:audio-encoder-webm-vorbis: bf7c407c2cedff20999df2af8eb42d56 -> 
========================================================================
Received Import Request.
  path: Assets/Script/FallBlockController.cs
  artifactKey: Guid(c591b167ab1f06c46a3e24cef25b4c00) Importer(815301076,1909f56bfc062723c751e8b465ee728b)
Start importing Assets/Script/FallBlockController.cs using Guid(c591b167ab1f06c46a3e24cef25b4c00) Importer(815301076,1909f56bfc062723c751e8b465ee728b)  -> (artifact id: '2a125e038e68ec750b2209d0f1e76a40') in 0.038678 seconds 
========================================================================
Received Prepare
Refreshing native plugins compatible for Editor in 3.11 ms, found 3 plugins.
Preloading 0 native plugins for Editor in 0.00 ms.
Unloading 18 Unused Serialized files (Serialized files now loaded: 0)
System memory in use before: 56.2 MB.
System memory in use after: 56.2 MB.

Unloading 18 unused Assets to reduce memory usage. Loaded Objects now: 2645.
Total: 2.932000 ms (FindLiveObjects: 0.222500 ms CreateObjectMapping: 0.103000 ms MarkObjects: 2.493100 ms  DeleteObjects: 0.112100 ms)

AssetImportParameters requested are different than current active one (requested -> active):
  custom:framework-win-MediaFoundation: 216162199b28c13a410421893ffa2e32 -> 
  custom:video-decoder-ogg-theora: a1e56fd34408186e4bbccfd4996cb3dc -> 
  custom:container-muxer-webm: aa71ff27fc2769a1b78a27578f13a17b -> 
  custom:container-demuxer-webm: 4f35f7cbe854078d1ac9338744f61a02 -> 
  custom:container-demuxer-ogg: 62fdf1f143b41e24485cea50d1cbac27 -> 
  custom:video-encoder-webm-vp8: eb34c28f22e8b96e1ab97ce403110664 -> 
  custom:video-decoder-webm-vp8: 9c59270c3fd7afecdb556c50c9e8de78 -> 
  custom:audio-decoder-ogg-vorbis: bf7c407c2cedff20999df2af8eb42d56 -> 
  custom:audio-encoder-webm-vorbis: bf7c407c2cedff20999df2af8eb42d56 -> 
========================================================================
Received Import Request.
  Time since last request: 1422.525873 seconds.
  path: Packages/com.unity.collab-proxy/Editor/Collaborate/Assets/Icons/added-file-dark.png
  artifactKey: Guid(1a4f52b613391cd449af3ad2e44affeb) Importer(815301076,1909f56bfc062723c751e8b465ee728b)
Start importing Packages/com.unity.collab-proxy/Editor/Collaborate/Assets/Icons/added-file-dark.png using Guid(1a4f52b613391cd449af3ad2e44affeb) Importer(815301076,1909f56bfc062723c751e8b465ee728b)  -> (artifact id: 'b6c50c6b02d9b73c5e2e4a85549794a4') in 0.068851 seconds 
========================================================================
Received Import Request.
  Time since last request: 0.000169 seconds.
  path: Assets/Sprites/blink.png
  artifactKey: Guid(6884ccce2613a3b498941e1dde6e4baa) Importer(815301076,1909f56bfc062723c751e8b465ee728b)
Start importing Assets/Sprites/blink.png using Guid(6884ccce2613a3b498941e1dde6e4baa) Importer(815301076,1909f56bfc062723c751e8b465ee728b)  -> (artifact id: '3a9e0261f6eaf86c66f9ec56db211758') in 0.038213 seconds 
========================================================================
Received Import Request.
  Time since last request: 0.000178 seconds.
  path: Packages/com.unity.textmeshpro/Editor Resources/Textures/btn_AlignBaseLine_Light.psd
  artifactKey: Guid(18775b51e3bd42299fd30bd036ea982f) Importer(815301076,1909f56bfc062723c751e8b465ee728b)
Start importing Packages/com.unity.textmeshpro/Editor Resources/Textures/btn_AlignBaseLine_Light.psd using Guid(18775b51e3bd42299fd30bd036ea982f) Importer(815301076,1909f56bfc062723c751e8b465ee728b)  -> (artifact id: '633c128230dd65edd71219b64727c0ca') in 0.018754 seconds 
========================================================================
Received Import Request.
  Time since last request: 0.000184 seconds.
  path: Packages/com.unity.collab-proxy/Editor/Collaborate/Assets/Icons/back-light@2x.png
  artifactKey: Guid(f5c57327df0fa294c8209aa216435167) Importer(815301076,1909f56bfc062723c751e8b465ee728b)
Start importing Packages/com.unity.collab-proxy/Editor/Collaborate/Assets/Icons/back-light@2x.png using Guid(f5c57327df0fa294c8209aa216435167) Importer(815301076,1909f56bfc062723c751e8b465ee728b)  -> (artifact id: '9126f2c6a09177ddfe777bcef538ff86') in 0.015902 seconds 
========================================================================
Received Import Request.
  Time since last request: 0.000189 seconds.
  path: Packages/com.unity.collab-proxy/Editor/Collaborate/Assets/Icons/back-dark.png
  artifactKey: Guid(8e3ec2dfd58b79842aa78376678a9a05) Importer(815301076,1909f56bfc062723c751e8b465ee728b)
Start importing Packages/com.unity.collab-proxy/Editor/Collaborate/Assets/Icons/back-dark.png using Guid(8e3ec2dfd58b79842aa78376678a9a05) Importer(815301076,1909f56bfc062723c751e8b465ee728b)  -> (artifact id: '6418a2c11981f0acf802666f81ff2714') in 0.013431 seconds 
========================================================================
Received Import Request.
  Time since last request: 0.000167 seconds.
  path: Packages/com.unity.collab-proxy/Editor/Collaborate/Assets/Icons/back-dark@2x.png
  artifactKey: Guid(9c6313a5316f8a34b852bf94ff96e3ab) Importer(815301076,1909f56bfc062723c751e8b465ee728b)
Start importing Packages/com.unity.collab-proxy/Editor/Collaborate/Assets/Icons/back-dark@2x.png using Guid(9c6313a5316f8a34b852bf94ff96e3ab) Importer(815301076,1909f56bfc062723c751e8b465ee728b)  -> (artifact id: '626b8d703df2186d7c867ee863820d3e') in 0.014023 seconds 
========================================================================
Received Import Request.
  Time since last request: 0.000177 seconds.
  path: Packages/com.unity.collab-proxy/Editor/Collaborate/Assets/Icons/added-file-dark@2x.png
  artifactKey: Guid(c223e0c507e2c6549a2cb97441b62cbe) Importer(815301076,1909f56bfc062723c751e8b465ee728b)
Start importing Packages/com.unity.collab-proxy/Editor/Collaborate/Assets/Icons/added-file-dark@2x.png using Guid(c223e0c507e2c6549a2cb97441b62cbe) Importer(815301076,1909f56bfc062723c751e8b465ee728b)  -> (artifact id: 'f9424499d8ed03e8df785259fedae1b3') in 0.015484 seconds 
========================================================================
Received Import Request.
  Time since last request: 0.000184 seconds.
  path: Packages/com.unity.collab-proxy/Editor/Collaborate/Assets/Icons/added-file-light@2x.png
  artifactKey: Guid(ec2e3aa6d0ab8ce4eac29b56d65d61d5) Importer(815301076,1909f56bfc062723c751e8b465ee728b)
Start importing Packages/com.unity.collab-proxy/Editor/Collaborate/Assets/Icons/added-file-light@2x.png using Guid(ec2e3aa6d0ab8ce4eac29b56d65d61d5) Importer(815301076,1909f56bfc062723c751e8b465ee728b)  -> (artifact id: 'a4de0a7a5e4ce4511bc09095573cae8b') in 0.018025 seconds 
========================================================================
Received Import Request.
  Time since last request: 0.000222 seconds.
  path: Assets/Sprites/Block.png
  artifactKey: Guid(bac448549f045a544ab901c3a9b3f989) Importer(815301076,1909f56bfc062723c751e8b465ee728b)
Start importing Assets/Sprites/Block.png using Guid(bac448549f045a544ab901c3a9b3f989) Importer(815301076,1909f56bfc062723c751e8b465ee728b)  -> (artifact id: 'da8381c0168b9c3dcf9a82fcc9df36ce') in 0.013826 seconds 
========================================================================
Received Import Request.
  Time since last request: 0.000194 seconds.
  path: Packages/com.unity.collab-proxy/Editor/Collaborate/Assets/Icons/back-light.png
  artifactKey: Guid(e676ab7aa99535447a763c9f88bf9260) Importer(815301076,1909f56bfc062723c751e8b465ee728b)
Start importing Packages/com.unity.collab-proxy/Editor/Collaborate/Assets/Icons/back-light.png using Guid(e676ab7aa99535447a763c9f88bf9260) Importer(815301076,1909f56bfc062723c751e8b465ee728b)  -> (artifact id: '31b0a8c754a76bc310ba5fbde663e255') in 0.014219 seconds 
========================================================================
Received Import Request.
  Time since last request: 0.000191 seconds.
  path: Packages/com.unity.textmeshpro/Editor Resources/Textures/btn_AlignBaseLine.psd
  artifactKey: Guid(8bc445bb79654bf496c92d0407840a92) Importer(815301076,1909f56bfc062723c751e8b465ee728b)
Start importing Packages/com.unity.textmeshpro/Editor Resources/Textures/btn_AlignBaseLine.psd using Guid(8bc445bb79654bf496c92d0407840a92) Importer(815301076,1909f56bfc062723c751e8b465ee728b)  -> (artifact id: '7357f28f43c0526a211b844ba791d3eb') in 0.014651 seconds 
========================================================================
Received Import Request.
  Time since last request: 0.000212 seconds.
  path: Packages/com.unity.collab-proxy/Editor/Collaborate/Assets/Icons/added-file-light.png
  artifactKey: Guid(397fff6c3885f8343bb65714f0064b5d) Importer(815301076,1909f56bfc062723c751e8b465ee728b)
Start importing Packages/com.unity.collab-proxy/Editor/Collaborate/Assets/Icons/added-file-light.png using Guid(397fff6c3885f8343bb65714f0064b5d) Importer(815301076,1909f56bfc062723c751e8b465ee728b)  -> (artifact id: 'c673a4f73ecb39b34c0c364ab5d41a87') in 0.017804 seconds 
========================================================================
Received Import Request.
  Time since last request: 7.438292 seconds.
  path: Assets/Sprites/Star.png
  artifactKey: Guid(a37e4b487e992ee43a7a1c206436de09) Importer(815301076,1909f56bfc062723c751e8b465ee728b)
Start importing Assets/Sprites/Star.png using Guid(a37e4b487e992ee43a7a1c206436de09) Importer(815301076,1909f56bfc062723c751e8b465ee728b)  -> (artifact id: 'd6794c4eedb80392e6aa476418cdde39') in 0.012875 seconds 
========================================================================
Received Prepare
Refreshing native plugins compatible for Editor in 3.24 ms, found 3 plugins.
Preloading 0 native plugins for Editor in 0.00 ms.
Unloading 18 Unused Serialized files (Serialized files now loaded: 0)
System memory in use before: 59.5 MB.
System memory in use after: 59.5 MB.

Unloading 18 unused Assets to reduce memory usage. Loaded Objects now: 2653.
Total: 2.377300 ms (FindLiveObjects: 0.136200 ms CreateObjectMapping: 0.049100 ms MarkObjects: 2.098300 ms  DeleteObjects: 0.092700 ms)

AssetImportParameters requested are different than current active one (requested -> active):
  custom:framework-win-MediaFoundation: 216162199b28c13a410421893ffa2e32 -> 
  custom:video-decoder-ogg-theora: a1e56fd34408186e4bbccfd4996cb3dc -> 
  custom:container-muxer-webm: aa71ff27fc2769a1b78a27578f13a17b -> 
  custom:container-demuxer-webm: 4f35f7cbe854078d1ac9338744f61a02 -> 
  custom:container-demuxer-ogg: 62fdf1f143b41e24485cea50d1cbac27 -> 
  custom:video-encoder-webm-vp8: eb34c28f22e8b96e1ab97ce403110664 -> 
  custom:video-decoder-webm-vp8: 9c59270c3fd7afecdb556c50c9e8de78 -> 
  custom:audio-decoder-ogg-vorbis: bf7c407c2cedff20999df2af8eb42d56 -> 
  custom:audio-encoder-webm-vorbis: bf7c407c2cedff20999df2af8eb42d56 -> 
AssetImportWorkerClient::OnTransportError - code=2 error=End of file
